# JRE version: Java(TM) SE Runtime Environment (8.0_20-b26) (build 1.8.0_20-b26)
# Java VM: Java HotSpot(TM) 64-Bit Server VM (25.20-b23 mixed mode windows-amd64 compressed oops)
Heap:
 PSYoungGen      total 38400K, used 740K [0x00000000d5f80000, 0x00000000d8a00000, 0x0000000100000000)
  eden space 33280K, 2% used [0x00000000d5f80000,0x00000000d60391e8,0x00000000d8000000)
  from space 5120K, 0% used [0x00000000d8000000,0x00000000d8000000,0x00000000d8500000)
  to   space 5120K, 0% used [0x00000000d8500000,0x00000000d8500000,0x00000000d8a00000)
 ParOldGen       total 87552K, used 9784K [0x0000000081e00000, 0x0000000087380000, 0x00000000d5f80000)
  object space 87552K, 11% used [0x0000000081e00000,0x000000008278e028,0x0000000087380000)
 Metaspace       used 9811K, capacity 9968K, committed 10240K, reserved 1058816K
  class space    used 1159K, capacity 1221K, committed 1280K, reserved 1048576K
GC Heap History (10 events):
Event: 20.038 GC heap before
{Heap before GC invocations=866 (full 433):
 PSYoungGen      total 38400K, used 96K [0x00000000d5f80000, 0x00000000d8a00000, 0x0000000100000000)
  eden space 33280K, 0% used [0x00000000d5f80000,0x00000000d5f80000,0x00000000d8000000)
  from space 5120K, 1% used [0x00000000d8000000,0x00000000d8018000,0x00000000d8500000)
  to   space 5120K, 0% used [0x00000000d8500000,0x00000000d8500000,0x00000000d8a00000)
 ParOldGen       total 87552K, used 9782K [0x0000000081e00000, 0x0000000087380000, 0x00000000d5f80000)
  object space 87552K, 11% used [0x0000000081e00000,0x000000008278dba0,0x0000000087380000)
 Metaspace       used 9802K, capacity 9968K, committed 10240K, reserved 1058816K
  class space    used 1158K, capacity 1221K, committed 1280K, reserved 1048576K
Event: 20.054 GC heap after
Heap after GC invocations=866 (full 433):
 PSYoungGen      total 38400K, used 0K [0x00000000d5f80000, 0x00000000d8a00000, 0x0000000100000000)
  eden space 33280K, 0% used [0x00000000d5f80000,0x00000000d5f80000,0x00000000d8000000)
  from space 5120K, 0% used [0x00000000d8000000,0x00000000d8000000,0x00000000d8500000)
  to   space 5120K, 0% used [0x00000000d8500000,0x00000000d8500000,0x00000000d8a00000)
 ParOldGen       total 87552K, used 9782K [0x0000000081e00000, 0x0000000087380000, 0x00000000d5f80000)
  object space 87552K, 11% used [0x0000000081e00000,0x000000008278dba0,0x0000000087380000)
 Metaspace       used 9802K, capacity 9968K, committed 10240K, reserved 1058816K
  class space    used 1158K, capacity 1221K, committed 1280K, reserved 1048576K
}
Event: 20.082 GC heap before
{Heap before GC invocations=867 (full 433):
 PSYoungGen      total 38400K, used 740K [0x00000000d5f80000, 0x00000000d8a00000, 0x0000000100000000)
  eden space 33280K, 2% used [0x00000000d5f80000,0x00000000d6039188,0x00000000d8000000)
  from space 5120K, 0% used [0x00000000d8000000,0x00000000d8000000,0x00000000d8500000)
  to   space 5120K, 0% used [0x00000000d8500000,0x00000000d8500000,0x00000000d8a00000)
 ParOldGen       total 87552K, used 9782K [0x0000000081e00000, 0x0000000087380000, 0x00000000d5f80000)
  object space 87552K, 11% used [0x0000000081e00000,0x000000008278dba0,0x0000000087380000)
 Metaspace       used 9802K, capacity 9968K, committed 10240K, reserved 1058816K
  class space    used 1158K, capacity 1221K, committed 1280K, reserved 1048576K
Event: 20.083 GC heap after
Heap after GC invocations=867 (full 433):
 PSYoungGen      total 38400K, used 160K [0x00000000d5f80000, 0x00000000d8a00000, 0x0000000100000000)
  eden space 33280K, 0% used [0x00000000d5f80000,0x00000000d5f80000,0x00000000d8000000)
  from space 5120K, 3% used [0x00000000d8500000,0x00000000d8528000,0x00000000d8a00000)
  to   space 5120K, 0% used [0x00000000d8000000,0x00000000d8000000,0x00000000d8500000)
 ParOldGen       total 87552K, used 9782K [0x0000000081e00000, 0x0000000087380000, 0x00000000d5f80000)
  object space 87552K, 11% used [0x0000000081e00000,0x000000008278dba0,0x0000000087380000)
 Metaspace       used 9802K, capacity 9968K, committed 10240K, reserved 1058816K
  class space    used 1158K, capacity 1221K, committed 1280K, reserved 1048576K
}
Event: 20.083 GC heap before
{Heap before GC invocations=868 (full 434):
 PSYoungGen      total 38400K, used 160K [0x00000000d5f80000, 0x00000000d8a00000, 0x0000000100000000)
  eden space 33280K, 0% used [0x00000000d5f80000,0x00000000d5f80000,0x00000000d8000000)
  from space 5120K, 3% used [0x00000000d8500000,0x00000000d8528000,0x00000000d8a00000)
  to   space 5120K, 0% used [0x00000000d8000000,0x00000000d8000000,0x00000000d8500000)
 ParOldGen       total 87552K, used 9782K [0x0000000081e00000, 0x0000000087380000, 0x00000000d5f80000)
  object space 87552K, 11% used [0x0000000081e00000,0x000000008278dba0,0x0000000087380000)
 Metaspace       used 9802K, capacity 9968K, committed 10240K, reserved 1058816K
  class space    used 1158K, capacity 1221K, committed 1280K, reserved 1048576K
Event: 20.099 GC heap after
Heap after GC invocations=868 (full 434):
 PSYoungGen      total 38400K, used 0K [0x00000000d5f80000, 0x00000000d8a00000, 0x0000000100000000)
  eden space 33280K, 0% used [0x00000000d5f80000,0x00000000d5f80000,0x00000000d8000000)
  from space 5120K, 0% used [0x00000000d8500000,0x00000000d8500000,0x00000000d8a00000)
  to   space 5120K, 0% used [0x00000000d8000000,0x00000000d8000000,0x00000000d8500000)
 ParOldGen       total 87552K, used 9782K [0x0000000081e00000, 0x0000000087380000, 0x00000000d5f80000)
  object space 87552K, 11% used [0x0000000081e00000,0x000000008278dba0,0x0000000087380000)
 Metaspace       used 9802K, capacity 9968K, committed 10240K, reserved 1058816K
  class space    used 1158K, capacity 1221K, committed 1280K, reserved 1048576K
}
Event: 20.132 GC heap before
{Heap before GC invocations=869 (full 434):
 PSYoungGen      total 38400K, used 1842K [0x00000000d5f80000, 0x00000000d8a00000, 0x0000000100000000)
  eden space 33280K, 5% used [0x00000000d5f80000,0x00000000d614c890,0x00000000d8000000)
  from space 5120K, 0% used [0x00000000d8500000,0x00000000d8500000,0x00000000d8a00000)
  to   space 5120K, 0% used [0x00000000d8000000,0x00000000d8000000,0x00000000d8500000)
 ParOldGen       total 87552K, used 9782K [0x0000000081e00000, 0x0000000087380000, 0x00000000d5f80000)
  object space 87552K, 11% used [0x0000000081e00000,0x000000008278dba0,0x0000000087380000)
 Metaspace       used 9807K, capacity 9968K, committed 10240K, reserved 1058816K
  class space    used 1159K, capacity 1221K, committed 1280K, reserved 1048576K
Event: 20.133 GC heap after
Heap after GC invocations=869 (full 434):
 PSYoungGen      total 38400K, used 192K [0x00000000d5f80000, 0x00000000d8a00000, 0x0000000100000000)
  eden space 33280K, 0% used [0x00000000d5f80000,0x00000000d5f80000,0x00000000d8000000)
  from space 5120K, 3% used [0x00000000d8000000,0x00000000d8030000,0x00000000d8500000)
  to   space 5120K, 0% used [0x00000000d8500000,0x00000000d8500000,0x00000000d8a00000)
 ParOldGen       total 87552K, used 9782K [0x0000000081e00000, 0x0000000087380000, 0x00000000d5f80000)
  object space 87552K, 11% used [0x0000000081e00000,0x000000008278dba0,0x0000000087380000)
 Metaspace       used 9807K, capacity 9968K, committed 10240K, reserved 1058816K
  class space    used 1159K, capacity 1221K, committed 1280K, reserved 1048576K
}
Event: 20.133 GC heap before
{Heap before GC invocations=870 (full 435):
 PSYoungGen      total 38400K, used 192K [0x00000000d5f80000, 0x00000000d8a00000, 0x0000000100000000)
  eden space 33280K, 0% used [0x00000000d5f80000,0x00000000d5f80000,0x00000000d8000000)
  from space 5120K, 3% used [0x00000000d8000000,0x00000000d8030000,0x00000000d8500000)
  to   space 5120K, 0% used [0x00000000d8500000,0x00000000d8500000,0x00000000d8a00000)
 ParOldGen       total 87552K, used 9782K [0x0000000081e00000, 0x0000000087380000, 0x00000000d5f80000)
  object space 87552K, 11% used [0x0000000081e00000,0x000000008278dba0,0x0000000087380000)
 Metaspace       used 9807K, capacity 9968K, committed 10240K, reserved 1058816K
  class space    used 1159K, capacity 1221K, committed 1280K, reserved 1048576K
Event: 20.158 GC heap after
Heap after GC invocations=870 (full 435):
 PSYoungGen      total 38400K, used 0K [0x00000000d5f80000, 0x00000000d8a00000, 0x0000000100000000)
  eden space 33280K, 0% used [0x00000000d5f80000,0x00000000d5f80000,0x00000000d8000000)
  from space 5120K, 0% used [0x00000000d8000000,0x00000000d8000000,0x00000000d8500000)
  to   space 5120K, 0% used [0x00000000d8500000,0x00000000d8500000,0x00000000d8a00000)
 ParOldGen       total 87552K, used 9784K [0x0000000081e00000, 0x0000000087380000, 0x00000000d5f80000)
  object space 87552K, 11% used [0x0000000081e00000,0x000000008278e028,0x0000000087380000)
 Metaspace       used 9807K, capacity 9968K, committed 10240K, reserved 1058816K
  class space    used 1159K, capacity 1221K, committed 1280K, reserved 1048576K
}

